0 info it worked if it ends with ok
1 verbose cli [ 'C:\\Program Files\\nodejs\\node.exe',
1 verbose cli   'C:\\Program Files\\nodejs\\node_modules\\npm\\bin\\npm-cli.js',
1 verbose cli   'start' ]
2 info using npm@3.10.8
3 info using node@v6.9.1
4 verbose run-script [ 'prestart', 'start', 'poststart' ]
5 info lifecycle elm-resource-cube@0.1.1~prestart: elm-resource-cube@0.1.1
6 silly lifecycle elm-resource-cube@0.1.1~prestart: no script for prestart, continuing
7 info lifecycle elm-resource-cube@0.1.1~start: elm-resource-cube@0.1.1
8 verbose lifecycle elm-resource-cube@0.1.1~start: unsafe-perm in lifecycle true
9 verbose lifecycle elm-resource-cube@0.1.1~start: PATH: C:\Program Files\nodejs\node_modules\npm\bin\node-gyp-bin;E:\dev\elm\cubeSite\node_modules\.bin;C:\Program Files\Git\mingw64\bin;C:\Program Files\Git\usr\bin;C:\Users\safi\bin;C:\Windows\system32;C:\Windows;C:\Windows\System32\Wbem;C:\Windows\System32\WindowsPowerShell\v1.0;C:\Program Files\nodejs;C:\Program Files\Git\cmd;C:\Program Files (x86)\Skype\Phone;C:\Program Files (x86)\GitExtensions;C:\Program Files (x86)\Elm Platform\0.18\bin;C:\Users\safi\AppData\Roaming\npm;C:\Program Files (x86)\Microsoft VS Code\bin
10 verbose lifecycle elm-resource-cube@0.1.1~start: CWD: E:\dev\elm\cubeSite
11 silly lifecycle elm-resource-cube@0.1.1~start: Args: [ '/d /s /c',
11 silly lifecycle   'webpack-dev-server --hot --inline --content-base src/' ]
12 silly lifecycle elm-resource-cube@0.1.1~start: Returned: code: 3221225786  signal: null
13 info lifecycle elm-resource-cube@0.1.1~start: Failed to exec start script
14 verbose stack Error: elm-resource-cube@0.1.1 start: `webpack-dev-server --hot --inline --content-base src/`
14 verbose stack Exit status 3221225786
14 verbose stack     at EventEmitter.<anonymous> (C:\Program Files\nodejs\node_modules\npm\lib\utils\lifecycle.js:255:16)
14 verbose stack     at emitTwo (events.js:106:13)
14 verbose stack     at EventEmitter.emit (events.js:191:7)
14 verbose stack     at ChildProcess.<anonymous> (C:\Program Files\nodejs\node_modules\npm\lib\utils\spawn.js:40:14)
14 verbose stack     at emitTwo (events.js:106:13)
14 verbose stack     at ChildProcess.emit (events.js:191:7)
14 verbose stack     at maybeClose (internal/child_process.js:877:16)
14 verbose stack     at Process.ChildProcess._handle.onexit (internal/child_process.js:226:5)
15 verbose pkgid elm-resource-cube@0.1.1
16 verbose cwd E:\dev\elm\cubeSite
17 error Windows_NT 6.1.7601
18 error argv "C:\\Program Files\\nodejs\\node.exe" "C:\\Program Files\\nodejs\\node_modules\\npm\\bin\\npm-cli.js" "start"
19 error node v6.9.1
20 error npm  v3.10.8
21 error code ELIFECYCLE
22 error elm-resource-cube@0.1.1 start: `webpack-dev-server --hot --inline --content-base src/`
22 error Exit status 3221225786
23 error Failed at the elm-resource-cube@0.1.1 start script 'webpack-dev-server --hot --inline --content-base src/'.
23 error Make sure you have the latest version of node.js and npm installed.
23 error If you do, this is most likely a problem with the elm-resource-cube package,
23 error not with npm itself.
23 error Tell the author that this fails on your system:
23 error     webpack-dev-server --hot --inline --content-base src/
23 error You can get information on how to open an issue for this project with:
23 error     npm bugs elm-resource-cube
23 error Or if that isn't available, you can get their info via:
23 error     npm owner ls elm-resource-cube
23 error There is likely additional logging output above.
24 verbose exit [ 1, true ]
